0 info it worked if it ends with ok
1 verbose cli [ 'D:\\nodejs\\node.exe',
1 verbose cli   'D:\\nodejs\\node_modules\\npm\\bin\\npm-cli.js',
1 verbose cli   'run',
1 verbose cli   'nd' ]
2 info using npm@3.10.10
3 info using node@v6.11.4
4 verbose run-script [ 'prend', 'nd', 'postnd' ]
5 info lifecycle RMedia@1.0.0~prend: RMedia@1.0.0
6 silly lifecycle RMedia@1.0.0~prend: no script for prend, continuing
7 info lifecycle RMedia@1.0.0~nd: RMedia@1.0.0
8 verbose lifecycle RMedia@1.0.0~nd: unsafe-perm in lifecycle true
9 verbose lifecycle RMedia@1.0.0~nd: PATH: D:\nodejs\node_modules\npm\bin\node-gyp-bin;G:\RMedia\node_modules\.bin;C:\Windows\system32;C:\Windows;C:\Windows\System32\Wbem;C:\Windows\System32\WindowsPowerShell\v1.0\;C:\Program Files\OpenVPN\bin;C:\Program Files\TortoiseSVN\bin;C:\Program Files\Common Files\Autodesk Shared\;C:\Program Files (x86)\Autodesk\Backburner\;D:\wamp\bin\php\php5.6.25;C:\ProgramData\ComposerSetup\bin;C:\Program Files (x86)\QuickTime\QTSystem\;D:\nodejs\;C:\Program Files\Git\cmd;C:\Users\wwp\AppData\Local\Microsoft\WindowsApps;D:\nodejs;C:\Program Files\TortoiseSVN\bin;C:\Users\wwp\AppData\Roaming\Composer\vendor\bin;C:\Users\wwp\AppData\Roaming\npm;D:\ffmpeg\bin;D:\java\jdk7.0\bin;D:\java\jre7.0\bin;C:\Users\wwp\AppData\Local\atom\bin
10 verbose lifecycle RMedia@1.0.0~nd: CWD: G:\RMedia
11 silly lifecycle RMedia@1.0.0~nd: Args: [ '/d /s /c', 'nw app/.' ]
12 silly lifecycle RMedia@1.0.0~nd: Returned: code: 258  signal: null
13 info lifecycle RMedia@1.0.0~nd: Failed to exec nd script
14 verbose stack Error: RMedia@1.0.0 nd: `nw app/.`
14 verbose stack Exit status 258
14 verbose stack     at EventEmitter.<anonymous> (D:\nodejs\node_modules\npm\lib\utils\lifecycle.js:255:16)
14 verbose stack     at emitTwo (events.js:106:13)
14 verbose stack     at EventEmitter.emit (events.js:191:7)
14 verbose stack     at ChildProcess.<anonymous> (D:\nodejs\node_modules\npm\lib\utils\spawn.js:40:14)
14 verbose stack     at emitTwo (events.js:106:13)
14 verbose stack     at ChildProcess.emit (events.js:191:7)
14 verbose stack     at maybeClose (internal/child_process.js:920:16)
14 verbose stack     at Process.ChildProcess._handle.onexit (internal/child_process.js:230:5)
15 verbose pkgid RMedia@1.0.0
16 verbose cwd G:\RMedia
17 error Windows_NT 10.0.14393
18 error argv "D:\\nodejs\\node.exe" "D:\\nodejs\\node_modules\\npm\\bin\\npm-cli.js" "run" "nd"
19 error node v6.11.4
20 error npm  v3.10.10
21 error code ELIFECYCLE
22 error RMedia@1.0.0 nd: `nw app/.`
22 error Exit status 258
23 error Failed at the RMedia@1.0.0 nd script 'nw app/.'.
23 error Make sure you have the latest version of node.js and npm installed.
23 error If you do, this is most likely a problem with the RMedia package,
23 error not with npm itself.
23 error Tell the author that this fails on your system:
23 error     nw app/.
23 error You can get information on how to open an issue for this project with:
23 error     npm bugs RMedia
23 error Or if that isn't available, you can get their info via:
23 error     npm owner ls RMedia
23 error There is likely additional logging output above.
24 verbose exit [ 1, true ]
